
> perf@1.0.0 artillery /Users/mmariotti/Documents/UBA/1c20-tp-1/perf
> artillery "run" "intensivo.yaml" "-e" "gunicorn_server_group"

Started phase 0 (Warm Up), duration: 30s @ 15:38:36(-0300) 2020-05-17
Report @ 15:38:46(-0300) 2020-05-17
Elapsed time: 10 seconds
  Scenarios launched:  49
  Scenarios completed: 47
  Requests completed:  47
  Mean response/sec: 5.02
  Response time (msec):
    min: 503.6
    max: 514
    median: 504.2
    p95: 507.9
    p99: 514
  Codes:
    200: 47

Report @ 15:38:56(-0300) 2020-05-17
Elapsed time: 20 seconds
  Scenarios launched:  50
  Scenarios completed: 50
  Requests completed:  50
  Mean response/sec: 5.01
  Response time (msec):
    min: 503.9
    max: 514.5
    median: 504.9
    p95: 507.2
    p99: 514.5
  Codes:
    200: 50

Report @ 15:39:06(-0300) 2020-05-17
Elapsed time: 30 seconds
  Scenarios launched:  50
  Scenarios completed: 50
  Requests completed:  50
  Mean response/sec: 5.01
  Response time (msec):
    min: 503.8
    max: 508.7
    median: 505.1
    p95: 507
    p99: 508.7
  Codes:
    200: 50

Started phase 1 (Linear Ramp), duration: 80s @ 15:39:06(-0300) 2020-05-17
Report @ 15:39:16(-0300) 2020-05-17
Elapsed time: 40 seconds
  Scenarios launched:  71
  Scenarios completed: 57
  Requests completed:  57
  Mean response/sec: 7.1
  Response time (msec):
    min: 504.1
    max: 2118.3
    median: 1050.9
    p95: 1816.3
    p99: 2111.3
  Codes:
    200: 57

Report @ 15:39:26(-0300) 2020-05-17
Elapsed time: 50 seconds
  Scenarios launched:  136
  Scenarios completed: 59
  Requests completed:  59
  Mean response/sec: 13.75
  Response time (msec):
    min: 1966.6
    max: 6458.8
    median: 4090
    p95: 6149.1
    p99: 6432.3
  Codes:
    200: 59

Report @ 15:39:36(-0300) 2020-05-17
Elapsed time: 1 minute, 0 seconds
  Scenarios launched:  177
  Scenarios completed: 59
  Requests completed:  59
  Mean response/sec: 17.74
  Response time (msec):
    min: 6286.5
    max: 12020.5
    median: 9154.3
    p95: 11821.1
    p99: 12015.5
  Codes:
    200: 59

Report @ 15:39:46(-0300) 2020-05-17
Elapsed time: 1 minute, 10 seconds
  Scenarios launched:  240
  Scenarios completed: 60
  Requests completed:  60
  Mean response/sec: 24
  Response time (msec):
    min: 12266
    max: 18209.4
    median: 15005.4
    p95: 18036.2
    p99: 18204.8
  Codes:
    200: 60

Report @ 15:39:56(-0300) 2020-05-17
Elapsed time: 1 minute, 20 seconds
  Scenarios launched:  306
  Scenarios completed: 60
  Requests completed:  60
  Mean response/sec: 30.6
  Response time (msec):
    min: 18527
    max: 24811.4
    median: 21748.4
    p95: 24608
    p99: 24809.6
  Codes:
    200: 60
  Errors:
    ECONNRESET: 126

Report @ 15:40:06(-0300) 2020-05-17
Elapsed time: 1 minute, 30 seconds
  Scenarios launched:  370
  Scenarios completed: 60
  Requests completed:  60
  Mean response/sec: 37.04
  Response time (msec):
    min: 25147.8
    max: 31538.1
    median: 28171.9
    p95: 31292.8
    p99: 31530.9
  Codes:
    200: 60
  Errors:
    ECONNRESET: 310

Report @ 15:40:16(-0300) 2020-05-17
Elapsed time: 1 minute, 40 seconds
  Scenarios launched:  429
  Scenarios completed: 60
  Requests completed:  60
  Mean response/sec: 42.9
  Response time (msec):
    min: 31749.7
    max: 38256.3
    median: 34994.1
    p95: 38044.8
    p99: 38252.9
  Codes:
    200: 60
  Errors:
    ECONNRESET: 369

Report @ 15:40:26(-0300) 2020-05-17
Elapsed time: 1 minute, 50 seconds
  Scenarios launched:  471
  Scenarios completed: 60
  Requests completed:  60
  Mean response/sec: 47.1
  Response time (msec):
    min: 38575.5
    max: 45980.4
    median: 42118.3
    p95: 45735.7
    p99: 45972.9
  Codes:
    200: 60
  Errors:
    ECONNRESET: 411

Started phase 2 (High Plain), duration: 30s @ 15:40:26(-0300) 2020-05-17
Report @ 15:40:36(-0300) 2020-05-17
Elapsed time: 2 minutes, 0 seconds
  Scenarios launched:  499
  Scenarios completed: 60
  Requests completed:  60
  Mean response/sec: 49.9
  Response time (msec):
    min: 46276.1
    max: 53324.2
    median: 49849.1
    p95: 53100.8
    p99: 53318.4
  Codes:
    200: 60
  Errors:
    ECONNRESET: 439

Warning: 
CPU usage of Artillery seems to be very high (pids: 45236)
which may severely affect its performance.
See https://artillery.io/docs/faq/#high-cpu-warnings for details.

Report @ 15:40:46(-0300) 2020-05-17
Elapsed time: 2 minutes, 10 seconds
  Scenarios launched:  500
  Scenarios completed: 157
  Requests completed:  157
  Mean response/sec: 50.1
  Response time (msec):
    min: 3.4
    max: 60018
    median: 54902.7
    p95: 60006.1
    p99: 60014.6
  Codes:
    200: 51
    502: 106
  Errors:
    ECONNRESET: 380

Report @ 15:40:56(-0300) 2020-05-17
Elapsed time: 2 minutes, 20 seconds
  Scenarios launched:  500
  Scenarios completed: 616
  Requests completed:  616
  Mean response/sec: 50
  Response time (msec):
    min: 2.9
    max: 67144.8
    median: 4
    p95: 60710.1
    p99: 67091.1
  Codes:
    502: 616

Warning: High CPU usage warning (pids: 45236).
See https://artillery.io/docs/faq/#high-cpu-warnings for details.

Started phase 3 (Pause), duration: undefineds @ 15:40:56(-0300) 2020-05-17
Report @ 15:41:06(-0300) 2020-05-17
Elapsed time: 2 minutes, 30 seconds
  Scenarios launched:  3
  Scenarios completed: 80
  Requests completed:  80
  Mean response/sec: 0.3
  Response time (msec):
    min: 4.1
    max: 75583.3
    median: 60507.2
    p95: 75432.5
    p99: 75576.8
  Codes:
    502: 80

Report @ 15:41:16(-0300) 2020-05-17
Elapsed time: 2 minutes, 40 seconds
  Scenarios launched:  0
  Scenarios completed: 62
  Requests completed:  62
  Mean response/sec: NaN
  Response time (msec):
    min: 60003.1
    max: 75623.8
    median: 60006.4
    p95: 75422.1
    p99: 75616.5
  Codes:
    502: 62

Report @ 15:41:26(-0300) 2020-05-17
Elapsed time: 2 minutes, 50 seconds
  Scenarios launched:  0
  Scenarios completed: 76
  Requests completed:  76
  Mean response/sec: NaN
  Response time (msec):
    min: 60002.2
    max: 92034.1
    median: 67107.1
    p95: 91994.5
    p99: 92031.5
  Codes:
    502: 76

Report @ 15:41:36(-0300) 2020-05-17
Elapsed time: 3 minutes, 0 seconds
  Scenarios launched:  0
  Scenarios completed: 51
  Requests completed:  51
  Mean response/sec: NaN
  Response time (msec):
    min: 60002.5
    max: 75183.1
    median: 60004.6
    p95: 67139.9
    p99: 75183
  Codes:
    502: 51

Report @ 15:41:46(-0300) 2020-05-17
Elapsed time: 3 minutes, 10 seconds
  Scenarios launched:  0
  Scenarios completed: 55
  Requests completed:  55
  Mean response/sec: NaN
  Response time (msec):
    min: 60002.7
    max: 91896.2
    median: 60006.5
    p95: 75471.7
    p99: 91078.4
  Codes:
    502: 55
  Errors:
    ESOCKETTIMEDOUT: 2

Report @ 15:41:56(-0300) 2020-05-17
Elapsed time: 3 minutes, 20 seconds
  Scenarios launched:  0
  Scenarios completed: 25
  Requests completed:  25
  Mean response/sec: NaN
  Response time (msec):
    min: 63113.2
    max: 91799.1
    median: 91616.6
    p95: 91772.7
    p99: 91799.1
  Codes:
    502: 25

Started phase 4 (Non-linear Ramp), duration: 120s @ 15:41:56(-0300) 2020-05-17
Report @ 15:42:06(-0300) 2020-05-17
Elapsed time: 3 minutes, 30 seconds
  Scenarios launched:  8
  Scenarios completed: 17
  Requests completed:  17
  Mean response/sec: 0.91
  Response time (msec):
    min: 2.6
    max: 91759.7
    median: 87751.8
    p95: 91751.3
    p99: 91759.7
  Codes:
    200: 6
    502: 11

Report @ 15:42:16(-0300) 2020-05-17
Elapsed time: 3 minutes, 40 seconds
  Scenarios launched:  8
  Scenarios completed: 9
  Requests completed:  9
  Mean response/sec: 0.87
  Response time (msec):
    min: 504.4
    max: 505.2
    median: 504.9
    p95: 505.2
    p99: 505.2
  Codes:
    200: 9

Report @ 15:42:26(-0300) 2020-05-17
Elapsed time: 3 minutes, 50 seconds
  Scenarios launched:  8
  Scenarios completed: 8
  Requests completed:  8
  Mean response/sec: 0.84
  Response time (msec):
    min: 504.3
    max: 506.5
    median: 505
    p95: 506.5
    p99: 506.5
  Codes:
    200: 8

Report @ 15:42:36(-0300) 2020-05-17
Elapsed time: 4 minutes, 0 seconds
  Scenarios launched:  9
  Scenarios completed: 8
  Requests completed:  8
  Mean response/sec: 0.9
  Response time (msec):
    min: 504.5
    max: 505
    median: 504.7
    p95: 505
    p99: 505
  Codes:
    200: 8

Report @ 15:42:46(-0300) 2020-05-17
Elapsed time: 4 minutes, 10 seconds
  Scenarios launched:  8
  Scenarios completed: 9
  Requests completed:  9
  Mean response/sec: 0.87
  Response time (msec):
    min: 504.4
    max: 505.6
    median: 504.7
    p95: 505.6
    p99: 505.6
  Codes:
    200: 9

Report @ 15:42:56(-0300) 2020-05-17
Elapsed time: 4 minutes, 20 seconds
  Scenarios launched:  8
  Scenarios completed: 8
  Requests completed:  8
  Mean response/sec: 0.84
  Response time (msec):
    min: 504.1
    max: 504.8
    median: 504.5
    p95: 504.8
    p99: 504.8
  Codes:
    200: 8

Report @ 15:43:06(-0300) 2020-05-17
Elapsed time: 4 minutes, 30 seconds
  Scenarios launched:  9
  Scenarios completed: 8
  Requests completed:  8
  Mean response/sec: 0.9
  Response time (msec):
    min: 504
    max: 505.3
    median: 504.4
    p95: 505.3
    p99: 505.3
  Codes:
    200: 8

Report @ 15:43:16(-0300) 2020-05-17
Elapsed time: 4 minutes, 40 seconds
  Scenarios launched:  8
  Scenarios completed: 9
  Requests completed:  9
  Mean response/sec: 0.87
  Response time (msec):
    min: 504
    max: 504.8
    median: 504.3
    p95: 504.8
    p99: 504.8
  Codes:
    200: 9

Report @ 15:43:26(-0300) 2020-05-17
Elapsed time: 4 minutes, 50 seconds
  Scenarios launched:  8
  Scenarios completed: 8
  Requests completed:  8
  Mean response/sec: 0.84
  Response time (msec):
    min: 503.9
    max: 505.1
    median: 504.6
    p95: 505.1
    p99: 505.1
  Codes:
    200: 8

Report @ 15:43:36(-0300) 2020-05-17
Elapsed time: 5 minutes, 0 seconds
  Scenarios launched:  9
  Scenarios completed: 8
  Requests completed:  8
  Mean response/sec: 0.9
  Response time (msec):
    min: 503.9
    max: 504.5
    median: 504.4
    p95: 504.5
    p99: 504.5
  Codes:
    200: 8

Report @ 15:43:46(-0300) 2020-05-17
Elapsed time: 5 minutes, 10 seconds
  Scenarios launched:  8
  Scenarios completed: 9
  Requests completed:  9
  Mean response/sec: 0.87
  Response time (msec):
    min: 504.3
    max: 505.6
    median: 504.5
    p95: 505.6
    p99: 505.6
  Codes:
    200: 9

Report @ 15:43:56(-0300) 2020-05-17
Elapsed time: 5 minutes, 20 seconds
  Scenarios launched:  8
  Scenarios completed: 8
  Requests completed:  8
  Mean response/sec: 0.84
  Response time (msec):
    min: 504.3
    max: 505.4
    median: 504.6
    p95: 505.4
    p99: 505.4
  Codes:
    200: 8

Started phase 5 (Non-linear Ramp 2), duration: 60s @ 15:43:56(-0300) 2020-05-17
Report @ 15:44:06(-0300) 2020-05-17
Elapsed time: 5 minutes, 30 seconds
  Scenarios launched:  17
  Scenarios completed: 16
  Requests completed:  16
  Mean response/sec: 1.7
  Response time (msec):
    min: 503.9
    max: 505.8
    median: 504.9
    p95: 505.7
    p99: 505.8
  Codes:
    200: 16

Report @ 15:44:16(-0300) 2020-05-17
Elapsed time: 5 minutes, 40 seconds
  Scenarios launched:  17
  Scenarios completed: 17
  Requests completed:  17
  Mean response/sec: 1.74
  Response time (msec):
    min: 503.9
    max: 505.9
    median: 504.5
    p95: 505.7
    p99: 505.9
  Codes:
    200: 17

Report @ 15:44:26(-0300) 2020-05-17
Elapsed time: 5 minutes, 50 seconds
  Scenarios launched:  16
  Scenarios completed: 17
  Requests completed:  17
  Mean response/sec: 1.67
  Response time (msec):
    min: 504.2
    max: 505.6
    median: 504.7
    p95: 505.6
    p99: 505.6
  Codes:
    200: 17

Report @ 15:44:36(-0300) 2020-05-17
Elapsed time: 6 minutes, 0 seconds
  Scenarios launched:  17
  Scenarios completed: 16
  Requests completed:  16
  Mean response/sec: 1.7
  Response time (msec):
    min: 504.5
    max: 505.3
    median: 504.8
    p95: 505.3
    p99: 505.3
  Codes:
    200: 16

Report @ 15:44:46(-0300) 2020-05-17
Elapsed time: 6 minutes, 10 seconds
  Scenarios launched:  17
  Scenarios completed: 17
  Requests completed:  17
  Mean response/sec: 1.74
  Response time (msec):
    min: 504.4
    max: 506
    median: 505
    p95: 505.9
    p99: 506
  Codes:
    200: 17

Report @ 15:44:56(-0300) 2020-05-17
Elapsed time: 6 minutes, 20 seconds
  Scenarios launched:  16
  Scenarios completed: 17
  Requests completed:  17
  Mean response/sec: 1.67
  Response time (msec):
    min: 504.3
    max: 506.1
    median: 505
    p95: 506
    p99: 506.1
  Codes:
    200: 17

Started phase 6 (Active Pause), duration: 30s @ 15:44:56(-0300) 2020-05-17
Report @ 15:45:06(-0300) 2020-05-17
Elapsed time: 6 minutes, 30 seconds
  Scenarios launched:  50
  Scenarios completed: 48
  Requests completed:  48
  Mean response/sec: 5.01
  Response time (msec):
    min: 504.3
    max: 510.6
    median: 505.5
    p95: 506.8
    p99: 510.6
  Codes:
    200: 48

Report @ 15:45:16(-0300) 2020-05-17
Elapsed time: 6 minutes, 40 seconds
  Scenarios launched:  50
  Scenarios completed: 50
  Requests completed:  50
  Mean response/sec: 5.01
  Response time (msec):
    min: 504
    max: 506.3
    median: 505
    p95: 506
    p99: 506.3
  Codes:
    200: 50

Report @ 15:45:26(-0300) 2020-05-17
Elapsed time: 6 minutes, 50 seconds
  Scenarios launched:  50
  Scenarios completed: 50
  Requests completed:  50
  Mean response/sec: 5.01
  Response time (msec):
    min: 503.7
    max: 508.1
    median: 505
    p95: 506.2
    p99: 508.1
  Codes:
    200: 50

Started phase 7 (Non-linear Ramp 3), duration: 30s @ 15:45:26(-0300) 2020-05-17
Report @ 15:45:36(-0300) 2020-05-17
Elapsed time: 7 minutes, 0 seconds
  Scenarios launched:  50
  Scenarios completed: 50
  Requests completed:  50
  Mean response/sec: 5.01
  Response time (msec):
    min: 503.6
    max: 508.8
    median: 504.6
    p95: 506.1
    p99: 508.8
  Codes:
    200: 50

Report @ 15:45:46(-0300) 2020-05-17
Elapsed time: 7 minutes, 10 seconds
  Scenarios launched:  50
  Scenarios completed: 50
  Requests completed:  50
  Mean response/sec: 5.01
  Response time (msec):
    min: 503.5
    max: 505.3
    median: 504.1
    p95: 504.8
    p99: 505.3
  Codes:
    200: 50

Report @ 15:45:56(-0300) 2020-05-17
Elapsed time: 7 minutes, 20 seconds
  Scenarios launched:  50
  Scenarios completed: 50
  Requests completed:  50
  Mean response/sec: 5.01
  Response time (msec):
    min: 503.7
    max: 505.6
    median: 504.1
    p95: 505.3
    p99: 505.6
  Codes:
    200: 50

Report @ 15:45:57(-0300) 2020-05-17
Elapsed time: 7 minutes, 21 seconds
  Scenarios launched:  1
  Scenarios completed: 3
  Requests completed:  3
  Mean response/sec: 0.99
  Response time (msec):
    min: 503.8
    max: 504
    median: 503.9
    p95: 504
    p99: 504
  Codes:
    200: 3

All virtual users finished
Summary report @ 15:45:57(-0300) 2020-05-17
  Scenarios launched:  4351
  Scenarios completed: 2314
  Requests completed:  2314
  Mean response/sec: 9.87
  Response time (msec):
    min: 2.6
    max: 92034.1
    median: 505.6
    p95: 67120.7
    p99: 91745.3
  Scenario counts:
    intensivo: 4351 (100%)
  Codes:
    200: 1232
    502: 1082
  Errors:
    ECONNRESET: 2035
    ESOCKETTIMEDOUT: 2

